[${project.name}][${env:SERVER_PORT}] 2025-04-05 23:00:37,332 INFO [main][SpringApplication.java:675] - No active profile set, falling back to default profiles: default
[${project.name}][${env:SERVER_PORT}] 2025-04-05 23:00:38,728 WARN [main][EndpointId.java:135] - Endpoint ID 'service-registry' contains invalid characters, please migrate to a valid format.
[${project.name}][${env:SERVER_PORT}] 2025-04-05 23:00:39,142 INFO [main][GenericScope.java:294] - BeanFactory id=33c68227-122c-36dd-8028-a36de4f592a4
[${project.name}][${env:SERVER_PORT}] 2025-04-05 23:00:39,276 INFO [main][PostProcessorRegistrationDelegate.java:330] - Bean 'org.springframework.cloud.autoconfigure.ConfigurationPropertiesRebinderAutoConfiguration' of type [org.springframework.cloud.autoconfigure.ConfigurationPropertiesRebinderAutoConfiguration$$EnhancerBySpringCGLIB$$6bebbd8a] is not eligible for getting processed by all BeanPostProcessors (for example: not eligible for auto-proxying)
[${project.name}][${env:SERVER_PORT}] 2025-04-05 23:00:39,806 INFO [main][TomcatWebServer.java:90] - Tomcat initialized with port(s): 53000 (http)
[${project.name}][${env:SERVER_PORT}] 2025-04-05 23:00:39,829 INFO [main][DirectJDKLog.java:173] - Initializing ProtocolHandler ["http-nio-53000"]
[${project.name}][${env:SERVER_PORT}] 2025-04-05 23:00:39,845 INFO [main][DirectJDKLog.java:173] - Starting service [Tomcat]
[${project.name}][${env:SERVER_PORT}] 2025-04-05 23:00:39,846 INFO [main][DirectJDKLog.java:173] - Starting Servlet engine: [Apache Tomcat/9.0.16]
[${project.name}][${env:SERVER_PORT}] 2025-04-05 23:00:39,856 INFO [main][DirectJDKLog.java:173] - The APR based Apache Tomcat Native library which allows optimal performance in production environments was not found on the java.library.path: [C:\Program Files (x86)\Java\jdk1.8.0_333\bin;C:\Windows\Sun\Java\bin;C:\Windows\system32;C:\Windows;C:\Users\mac\nvm-windows\bin;C:\Users\mac\Downloads\gnvm-master\gnvm-master;C:\Program Files (x86)\Java\jdk1.8.0_333\bin;C:\Program Files (x86)\Common Files\Oracle\Java\javapath;C:\Users\mac\Downloads\WINDOWS.X64_193000_db_home\bin;C:\Users\mac\.jdks\openjdk-17.0.1\bin;C:\Program Files (x86)\Intel\iCLS Client\;C:\Program Files\Intel\iCLS Client\;C:\Windows\system32;C:\Windows;C:\Windows\System32\Wbem;C:\Windows\System32\WindowsPowerShell\v1.0\;C:\Program Files\Intel\Intel(R) Management Engine Components\DAL;C:\Program Files (x86)\Intel\Intel(R) Management Engine Components\DAL;C:\Program Files\Intel\Intel(R) Management Engine Components\IPT;C:\Program Files (x86)\Intel\Intel(R) Management Engine Components\IPT;C:\Program Files (x86)\Intel\OpenCL SDK\2.0\bin\x86;C:\Program Files (x86)\Intel\OpenCL SDK\2.0\bin\x64;C:\Users\mac\AppData\Roaming\nvm;C:\Program Files\nodejs;C:\Program Files\Git\cmd;;C:\Users\mac\AppData\Local\Programs\Microsoft VS Code\bin;.]
[${project.name}][${env:SERVER_PORT}] 2025-04-05 23:00:40,059 INFO [main][DirectJDKLog.java:173] - Initializing Spring embedded WebApplicationContext
[${project.name}][${env:SERVER_PORT}] 2025-04-05 23:00:40,059 INFO [main][ServletWebServerApplicationContext.java:296] - Root WebApplicationContext: initialization completed in 2693 ms
[${project.name}][${env:SERVER_PORT}] 2025-04-05 23:00:40,225 WARN [main][URLConfigurationSource.java:121] - No URLs will be polled as dynamic configuration sources.
[${project.name}][${env:SERVER_PORT}] 2025-04-05 23:00:40,226 INFO [main][URLConfigurationSource.java:122] - To enable URLs as dynamic configuration sources, define System property archaius.configurationSource.additionalUrls or make config.properties available on classpath.
[${project.name}][${env:SERVER_PORT}] 2025-04-05 23:00:40,249 INFO [main][DynamicPropertyFactory.java:281] - DynamicPropertyFactory is initialized with configuration sources: com.netflix.config.ConcurrentCompositeConfiguration@11a4795
[${project.name}][${env:SERVER_PORT}] 2025-04-05 23:00:41,244 INFO [main][WebApplicationImpl.java:815] - Initiating Jersey application, version 'Jersey: 1.19.1 03/11/2016 02:08 PM'
[${project.name}][${env:SERVER_PORT}] 2025-04-05 23:00:41,366 INFO [main][DiscoveryJerseyProvider.java:70] - Using JSON encoding codec LegacyJacksonJson
[${project.name}][${env:SERVER_PORT}] 2025-04-05 23:00:41,367 INFO [main][DiscoveryJerseyProvider.java:71] - Using JSON decoding codec LegacyJacksonJson
[${project.name}][${env:SERVER_PORT}] 2025-04-05 23:00:41,557 INFO [main][DiscoveryJerseyProvider.java:80] - Using XML encoding codec XStreamXml
[${project.name}][${env:SERVER_PORT}] 2025-04-05 23:00:41,559 INFO [main][DiscoveryJerseyProvider.java:81] - Using XML decoding codec XStreamXml
[${project.name}][${env:SERVER_PORT}] 2025-04-05 23:00:42,031 WARN [main][URLConfigurationSource.java:121] - No URLs will be polled as dynamic configuration sources.
[${project.name}][${env:SERVER_PORT}] 2025-04-05 23:00:42,031 INFO [main][URLConfigurationSource.java:122] - To enable URLs as dynamic configuration sources, define System property archaius.configurationSource.additionalUrls or make config.properties available on classpath.
[${project.name}][${env:SERVER_PORT}] 2025-04-05 23:00:42,315 INFO [main][ExecutorConfigurationSupport.java:171] - Initializing ExecutorService 'applicationTaskExecutor'
[${project.name}][${env:SERVER_PORT}] 2025-04-05 23:00:42,881 INFO [main][InstanceInfoFactory.java:71] - Setting initial instance status as: STARTING
[${project.name}][${env:SERVER_PORT}] 2025-04-05 23:00:42,910 INFO [main][DiscoveryClient.java:349] - Initializing Eureka in region us-east-1
[${project.name}][${env:SERVER_PORT}] 2025-04-05 23:00:42,910 INFO [main][DiscoveryClient.java:352] - Client configured to neither register nor query for data.
[${project.name}][${env:SERVER_PORT}] 2025-04-05 23:00:42,920 INFO [main][DiscoveryClient.java:365] - Discovery Client initialized at timestamp 1743861642919 with initial instances count: 0
[${project.name}][${env:SERVER_PORT}] 2025-04-05 23:00:42,961 INFO [main][DefaultEurekaServerContext.java:63] - Initializing ...
[${project.name}][${env:SERVER_PORT}] 2025-04-05 23:00:42,964 INFO [main][PeerEurekaNodes.java:188] - Adding new peer nodes [http://localhost:53000/eureka/]
[${project.name}][${env:SERVER_PORT}] 2025-04-05 23:00:43,405 INFO [main][DiscoveryJerseyProvider.java:70] - Using JSON encoding codec LegacyJacksonJson
[${project.name}][${env:SERVER_PORT}] 2025-04-05 23:00:43,406 INFO [main][DiscoveryJerseyProvider.java:71] - Using JSON decoding codec LegacyJacksonJson
[${project.name}][${env:SERVER_PORT}] 2025-04-05 23:00:43,407 INFO [main][DiscoveryJerseyProvider.java:80] - Using XML encoding codec XStreamXml
[${project.name}][${env:SERVER_PORT}] 2025-04-05 23:00:43,408 INFO [main][DiscoveryJerseyProvider.java:81] - Using XML decoding codec XStreamXml
[${project.name}][${env:SERVER_PORT}] 2025-04-05 23:00:43,719 INFO [main][PeerEurekaNodes.java:110] - Replica node URL:  http://localhost:53000/eureka/
[${project.name}][${env:SERVER_PORT}] 2025-04-05 23:00:43,736 INFO [main][AbstractInstanceRegistry.java:151] - Finished initializing remote region registries. All known remote regions: []
[${project.name}][${env:SERVER_PORT}] 2025-04-05 23:00:43,737 INFO [main][DefaultEurekaServerContext.java:70] - Initialized
[${project.name}][${env:SERVER_PORT}] 2025-04-05 23:00:43,753 INFO [main][EndpointLinksResolver.java:59] - Exposing 2 endpoint(s) beneath base path '/actuator'
[${project.name}][${env:SERVER_PORT}] 2025-04-05 23:00:43,848 INFO [main][EurekaServiceRegistry.java:42] - Registering application HNRADIO-DISCOVERY with eureka with status UP
[${project.name}][${env:SERVER_PORT}] 2025-04-05 23:00:43,852 INFO [Thread-13][EurekaServerBootstrap.java:109] - Setting the eureka configuration..
[${project.name}][${env:SERVER_PORT}] 2025-04-05 23:00:43,852 INFO [Thread-13][EurekaServerBootstrap.java:114] - Eureka data center value eureka.datacenter is not set, defaulting to default
[${project.name}][${env:SERVER_PORT}] 2025-04-05 23:00:43,853 INFO [Thread-13][EurekaServerBootstrap.java:128] - Eureka environment value eureka.environment is not set, defaulting to test
[${project.name}][${env:SERVER_PORT}] 2025-04-05 23:00:43,865 INFO [Thread-13][EurekaServerBootstrap.java:184] - isAws returned false
[${project.name}][${env:SERVER_PORT}] 2025-04-05 23:00:43,866 INFO [Thread-13][EurekaServerBootstrap.java:152] - Initialized server context
[${project.name}][${env:SERVER_PORT}] 2025-04-05 23:00:43,867 INFO [Thread-13][PeerAwareInstanceRegistryImpl.java:241] - Got 1 instances from neighboring DS node
[${project.name}][${env:SERVER_PORT}] 2025-04-05 23:00:43,867 INFO [Thread-13][PeerAwareInstanceRegistryImpl.java:242] - Renew threshold is: 1
[${project.name}][${env:SERVER_PORT}] 2025-04-05 23:00:43,867 INFO [Thread-13][PeerAwareInstanceRegistryImpl.java:253] - Changing status to UP
[${project.name}][${env:SERVER_PORT}] 2025-04-05 23:00:43,868 INFO [main][DirectJDKLog.java:173] - Starting ProtocolHandler ["http-nio-53000"]
[${project.name}][${env:SERVER_PORT}] 2025-04-05 23:00:43,878 INFO [Thread-13][EurekaServerInitializerConfiguration.java:72] - Started Eureka Server
[${project.name}][${env:SERVER_PORT}] 2025-04-05 23:00:43,900 INFO [main][TomcatWebServer.java:204] - Tomcat started on port(s): 53000 (http) with context path ''
[${project.name}][${env:SERVER_PORT}] 2025-04-05 23:00:43,901 INFO [main][EurekaAutoServiceRegistration.java:141] - Updating port to 53000
[${project.name}][${env:SERVER_PORT}] 2025-04-05 23:00:43,904 INFO [main][StartupInfoLogger.java:59] - Started DiscoveryServer in 8.495 seconds (JVM running for 10.381)
